<?xml version="1.0" encoding="utf-8"?>
<!DOCTYPE beans PUBLIC "-//SPRING//DTD BEAN//EN" "http://www.springframework.org/dtd/spring-beans.dtd">

<beans default-lazy-init="true" default-autowire="no">
    
    <import resource="config.xml"/>

    <bean id="propertyPlaceholderConfigurer"
          class="org.springframework.beans.factory.config.PropertyPlaceholderConfigurer">
        <property name="locations">
            <list>
                <value>default.modeler.properties</value>
                <value>test.modeler.properties</value>
            </list>
        </property>
        <property name="ignoreResourceNotFound" value="false"/>
    </bean>


</beans>